[debug] [2019-03-21T09:14:06.842Z] ----------------------------------------------------------------------
[debug] [2019-03-21T09:14:06.844Z] Command:       /Users/iprinze/.nvm/versions/node/v10.12.0/bin/node /Users/iprinze/.nvm/versions/node/v10.12.0/bin/firebase deploy --only functions:deleteAggregationInShortcodeConfig
[debug] [2019-03-21T09:14:06.845Z] CLI Version:   6.5.0
[debug] [2019-03-21T09:14:06.845Z] Platform:      darwin
[debug] [2019-03-21T09:14:06.845Z] Node Version:  v10.12.0
[debug] [2019-03-21T09:14:06.845Z] Time:          Thu Mar 21 2019 16:14:06 GMT+0700 (Indochina Time)
[debug] [2019-03-21T09:14:06.846Z] ----------------------------------------------------------------------
[debug] 
[debug] [2019-03-21T09:14:06.854Z] > command requires scopes: ["email","openid","https://www.googleapis.com/auth/cloudplatformprojects.readonly","https://www.googleapis.com/auth/firebase","https://www.googleapis.com/auth/cloud-platform"]
[debug] [2019-03-21T09:14:06.854Z] > authorizing via signed-in user
[debug] [2019-03-21T09:14:06.855Z] [iam] checking project mobile-connect-sms for permissions ["cloudfunctions.functions.create","cloudfunctions.functions.delete","cloudfunctions.functions.get","cloudfunctions.functions.list","cloudfunctions.functions.update","cloudfunctions.operations.get","firebase.projects.get"]
[debug] [2019-03-21T09:14:06.856Z] >>> HTTP REQUEST POST https://cloudresourcemanager.googleapis.com/v1/projects/mobile-connect-sms:testIamPermissions  

[debug] [2019-03-21T09:14:08.347Z] <<< HTTP RESPONSE 200
[info] 
[info] === Deploying to 'mobile-connect-sms'...
[info] 
[info] i  deploying functions
[debug] [2019-03-21T09:14:09.577Z] > [functions] package.json contents: {
  "name": "functions",
  "description": "Cloud Functions for Firebase",
  "scripts": {
    "serve": "firebase serve --only functions",
    "shell": "firebase functions:shell",
    "start": "npm run shell",
    "deploy": "firebase deploy --only functions",
    "logs": "firebase functions:log"
  },
  "dependencies": {
    "firebase-admin": "~7.0.0",
    "firebase-functions": "^2.2.0"
  },
  "private": true
}
[info] i  functions: ensuring necessary APIs are enabled...
[debug] [2019-03-21T09:14:09.578Z] >>> HTTP REQUEST GET https://servicemanagement.googleapis.com/v1/services/cloudfunctions.googleapis.com/projectSettings/mobile-connect-sms?view=CONSUMER_VIEW  
 
[debug] [2019-03-21T09:14:09.579Z] >>> HTTP REQUEST GET https://servicemanagement.googleapis.com/v1/services/runtimeconfig.googleapis.com/projectSettings/mobile-connect-sms?view=CONSUMER_VIEW  
 
[debug] [2019-03-21T09:14:11.730Z] <<< HTTP RESPONSE 200
[debug] [2019-03-21T09:14:24.786Z] Error: read ECONNRESET
    at TLSWrap.onStreamRead (internal/stream_base_commons.js:111:27)
[error] 
[error] Error: Server Error. read ECONNRESET
